12-15 10:33:48 [JMQTClient] INF : Loading config "/home/shubhadeep/Development/personal/github/jmqt/examples/client.conf"
12-15 10:33:48 [JMQTClient] INF : [MAIN] Start initiated..
12-15 10:33:49 [JMQTClient] INF : [MAIN] Retry auth..
12-15 10:33:49 [JMQTClient] INF : [MAIN] Requesting auth with client name 'pyclient1'
12-15 10:33:49 [JMQTClient] INF : Opening socket localhost:8010
12-15 10:33:49 [JMQTClient] INF : Read started
12-15 10:33:49 [JMQTClient] INF : Socket opened localhost:8010
12-15 10:33:49 [JMQTClient] INF : auth..
12-15 10:33:49 [JMQTClient] INF : authAck, status 1
12-15 10:33:49 [JMQTClient] INF : [MAIN] Auth status OK
12-15 10:33:49 [JMQTClient] INF : [MAIN] Requesting conn with client id 'pyclient1'
12-15 10:33:49 [JMQTClient] INF : conn..
12-15 10:33:49 [JMQTClient] INF : connAck, status 1
12-15 10:33:49 [JMQTClient] INF : HB started
12-15 10:33:49 [JMQTClient] INF : [Main] Data on 'update' from  : {'online': 'pyclient1'} (QOS 0, RETAIN 0)
12-15 10:33:49 [JMQTClient] INF : [MAIN] Conn status 1
12-15 10:33:49 [JMQTClient] INF : [MAIN] Requesting sub to channel 'mychannel'
12-15 10:33:49 [JMQTClient] INF : sub 'mychannel' persistent 1
12-15 10:33:49 [JMQTClient] INF : [Main] Data on 'ch' from pyclient1 : 2018-12-06 12:33:36.414643 (QOS 0, RETAIN 1)
12-15 10:33:49 [JMQTClient] INF : [MAIN] Sub to channel 'mychannel' status 1
12-15 10:33:59 [JMQTClient] INF : [MAIN] Pub dummy data on 'mychannel'
12-15 10:34:09 [JMQTClient] INF : [MAIN] Pub dummy data on 'mychannel'
12-15 10:34:19 [JMQTClient] INF : [MAIN] Pub dummy data on 'mychannel'
12-15 10:34:29 [JMQTClient] INF : [MAIN] Pub dummy data on 'mychannel'
12-15 10:34:39 [JMQTClient] INF : [MAIN] Pub dummy data on 'mychannel'
12-15 10:34:49 [JMQTClient] INF : [MAIN] Pub dummy data on 'mychannel'
12-15 10:34:59 [JMQTClient] INF : [MAIN] Pub dummy data on 'mychannel'
12-15 10:35:09 [JMQTClient] INF : [MAIN] Pub dummy data on 'mychannel'
12-15 10:35:19 [JMQTClient] INF : [MAIN] Pub dummy data on 'mychannel'
12-15 10:35:29 [JMQTClient] INF : [MAIN] Pub dummy data on 'mychannel'
12-15 10:35:39 [JMQTClient] INF : [MAIN] Pub dummy data on 'mychannel'
12-15 10:35:49 [JMQTClient] INF : [MAIN] Pub dummy data on 'mychannel'
12-15 10:35:59 [JMQTClient] INF : [MAIN] Pub dummy data on 'mychannel'
12-15 10:36:09 [JMQTClient] INF : [MAIN] Pub dummy data on 'mychannel'
12-15 10:36:19 [JMQTClient] INF : [MAIN] Pub dummy data on 'mychannel'
12-15 10:36:29 [JMQTClient] INF : [MAIN] Pub dummy data on 'mychannel'
12-15 10:36:39 [JMQTClient] INF : [MAIN] Pub dummy data on 'mychannel'
12-15 10:36:49 [JMQTClient] INF : [MAIN] Pub dummy data on 'mychannel'
12-15 10:36:59 [JMQTClient] INF : [MAIN] Pub dummy data on 'mychannel'
12-15 10:37:09 [JMQTClient] INF : [MAIN] Pub dummy data on 'mychannel'
12-15 10:37:19 [JMQTClient] INF : [MAIN] Pub dummy data on 'mychannel'
12-15 10:37:29 [JMQTClient] INF : [MAIN] Pub dummy data on 'mychannel'
12-15 10:37:39 [JMQTClient] INF : [MAIN] Pub dummy data on 'mychannel'
12-15 10:37:49 [JMQTClient] INF : [MAIN] Pub dummy data on 'mychannel'
12-15 10:37:59 [JMQTClient] INF : [MAIN] Pub dummy data on 'mychannel'
12-15 10:38:09 [JMQTClient] INF : [MAIN] Pub dummy data on 'mychannel'
12-15 10:38:19 [JMQTClient] INF : [MAIN] Pub dummy data on 'mychannel'
12-15 10:38:29 [JMQTClient] INF : [MAIN] Pub dummy data on 'mychannel'
12-15 10:38:39 [JMQTClient] INF : [MAIN] Pub dummy data on 'mychannel'
12-15 10:38:49 [JMQTClient] INF : [MAIN] Pub dummy data on 'mychannel'
12-15 10:38:59 [JMQTClient] INF : [MAIN] Pub dummy data on 'mychannel'
12-15 10:39:09 [JMQTClient] INF : [MAIN] Pub dummy data on 'mychannel'
12-15 10:39:19 [JMQTClient] INF : [MAIN] Pub dummy data on 'mychannel'
12-15 10:39:29 [JMQTClient] INF : [MAIN] Pub dummy data on 'mychannel'
12-15 10:39:39 [JMQTClient] INF : [MAIN] Pub dummy data on 'mychannel'
12-15 10:39:49 [JMQTClient] INF : [MAIN] Pub dummy data on 'mychannel'
12-15 10:39:59 [JMQTClient] INF : [MAIN] Pub dummy data on 'mychannel'
12-15 10:40:09 [JMQTClient] INF : [MAIN] Pub dummy data on 'mychannel'
12-15 10:40:19 [JMQTClient] INF : [MAIN] Pub dummy data on 'mychannel'
12-15 10:40:29 [JMQTClient] INF : [MAIN] Pub dummy data on 'mychannel'
12-15 10:40:39 [JMQTClient] INF : [MAIN] Pub dummy data on 'mychannel'
12-15 10:40:49 [JMQTClient] INF : [MAIN] Pub dummy data on 'mychannel'
12-15 10:40:59 [JMQTClient] INF : [MAIN] Pub dummy data on 'mychannel'
12-15 10:41:09 [JMQTClient] INF : [MAIN] Pub dummy data on 'mychannel'
12-15 10:41:19 [JMQTClient] INF : [MAIN] Pub dummy data on 'mychannel'
12-15 10:41:29 [JMQTClient] INF : [MAIN] Pub dummy data on 'mychannel'
12-15 10:41:39 [JMQTClient] INF : [MAIN] Pub dummy data on 'mychannel'
12-15 10:41:49 [JMQTClient] INF : [MAIN] Pub dummy data on 'mychannel'
12-15 10:41:59 [JMQTClient] INF : [MAIN] Pub dummy data on 'mychannel'
12-15 10:42:09 [JMQTClient] INF : [MAIN] Pub dummy data on 'mychannel'
12-15 10:42:19 [JMQTClient] INF : [MAIN] Pub dummy data on 'mychannel'
12-15 10:42:29 [JMQTClient] INF : [MAIN] Pub dummy data on 'mychannel'
12-15 10:42:39 [JMQTClient] INF : [MAIN] Pub dummy data on 'mychannel'
12-15 10:42:49 [JMQTClient] INF : [MAIN] Pub dummy data on 'mychannel'
12-15 10:42:59 [JMQTClient] INF : [MAIN] Pub dummy data on 'mychannel'
12-15 10:43:09 [JMQTClient] INF : [MAIN] Pub dummy data on 'mychannel'
12-15 10:43:19 [JMQTClient] INF : [MAIN] Pub dummy data on 'mychannel'
12-15 10:43:29 [JMQTClient] INF : [MAIN] Pub dummy data on 'mychannel'
12-15 10:43:39 [JMQTClient] INF : [MAIN] Pub dummy data on 'mychannel'
12-15 10:43:49 [JMQTClient] INF : [MAIN] Pub dummy data on 'mychannel'
12-15 10:43:59 [JMQTClient] INF : [MAIN] Pub dummy data on 'mychannel'
12-15 10:44:09 [JMQTClient] INF : [MAIN] Pub dummy data on 'mychannel'
12-15 10:44:19 [JMQTClient] INF : [MAIN] Pub dummy data on 'mychannel'
12-15 10:44:29 [JMQTClient] INF : [MAIN] Pub dummy data on 'mychannel'
12-15 10:44:39 [JMQTClient] INF : [MAIN] Pub dummy data on 'mychannel'
12-15 10:44:49 [JMQTClient] INF : [MAIN] Pub dummy data on 'mychannel'
12-15 10:44:59 [JMQTClient] INF : [MAIN] Pub dummy data on 'mychannel'
12-15 10:45:09 [JMQTClient] INF : [MAIN] Pub dummy data on 'mychannel'
12-15 10:45:20 [JMQTClient] INF : [MAIN] Pub dummy data on 'mychannel'
12-15 10:45:30 [JMQTClient] INF : [MAIN] Pub dummy data on 'mychannel'
12-15 10:45:40 [JMQTClient] INF : [MAIN] Pub dummy data on 'mychannel'
12-15 10:45:50 [JMQTClient] INF : [MAIN] Pub dummy data on 'mychannel'
12-15 10:46:00 [JMQTClient] INF : [MAIN] Pub dummy data on 'mychannel'
12-15 10:46:10 [JMQTClient] INF : [MAIN] Pub dummy data on 'mychannel'
12-15 10:46:20 [JMQTClient] INF : [MAIN] Pub dummy data on 'mychannel'
12-15 10:46:30 [JMQTClient] INF : [MAIN] Pub dummy data on 'mychannel'
12-15 10:46:40 [JMQTClient] INF : [MAIN] Pub dummy data on 'mychannel'
12-15 10:46:50 [JMQTClient] INF : [MAIN] Pub dummy data on 'mychannel'
12-15 10:47:00 [JMQTClient] INF : [MAIN] Pub dummy data on 'mychannel'
12-15 10:47:10 [JMQTClient] INF : [MAIN] Pub dummy data on 'mychannel'
12-15 10:47:20 [JMQTClient] INF : [MAIN] Pub dummy data on 'mychannel'
12-15 10:47:30 [JMQTClient] INF : [MAIN] Pub dummy data on 'mychannel'
12-15 10:47:40 [JMQTClient] INF : [MAIN] Pub dummy data on 'mychannel'
12-15 10:47:50 [JMQTClient] INF : [MAIN] Pub dummy data on 'mychannel'
12-15 10:48:00 [JMQTClient] INF : [MAIN] Pub dummy data on 'mychannel'
12-15 10:48:10 [JMQTClient] INF : [MAIN] Pub dummy data on 'mychannel'
12-15 10:48:20 [JMQTClient] INF : [MAIN] Pub dummy data on 'mychannel'
12-15 10:48:30 [JMQTClient] INF : [MAIN] Pub dummy data on 'mychannel'
12-15 10:48:40 [JMQTClient] INF : [MAIN] Pub dummy data on 'mychannel'
12-15 10:48:50 [JMQTClient] INF : [MAIN] Pub dummy data on 'mychannel'
12-15 10:49:00 [JMQTClient] INF : [MAIN] Pub dummy data on 'mychannel'
12-15 10:49:10 [JMQTClient] INF : [MAIN] Pub dummy data on 'mychannel'
12-15 10:49:20 [JMQTClient] INF : [MAIN] Pub dummy data on 'mychannel'
12-15 10:49:30 [JMQTClient] INF : [MAIN] Pub dummy data on 'mychannel'
12-15 10:49:40 [JMQTClient] INF : [MAIN] Pub dummy data on 'mychannel'
12-15 10:49:50 [JMQTClient] INF : [MAIN] Pub dummy data on 'mychannel'
12-15 10:50:00 [JMQTClient] INF : [MAIN] Pub dummy data on 'mychannel'
12-15 10:50:10 [JMQTClient] INF : [MAIN] Pub dummy data on 'mychannel'
12-15 10:50:20 [JMQTClient] INF : [MAIN] Pub dummy data on 'mychannel'
12-15 10:50:30 [JMQTClient] INF : [MAIN] Pub dummy data on 'mychannel'
12-15 10:50:40 [JMQTClient] INF : [MAIN] Pub dummy data on 'mychannel'
12-15 10:50:50 [JMQTClient] INF : [MAIN] Pub dummy data on 'mychannel'
12-15 10:51:00 [JMQTClient] INF : [MAIN] Pub dummy data on 'mychannel'
12-15 10:51:10 [JMQTClient] INF : [MAIN] Pub dummy data on 'mychannel'
12-15 10:51:20 [JMQTClient] INF : [MAIN] Pub dummy data on 'mychannel'
12-15 10:51:30 [JMQTClient] INF : [MAIN] Pub dummy data on 'mychannel'
12-15 10:51:40 [JMQTClient] INF : [MAIN] Pub dummy data on 'mychannel'
12-15 10:51:50 [JMQTClient] INF : [MAIN] Pub dummy data on 'mychannel'
12-15 10:52:00 [JMQTClient] INF : [MAIN] Pub dummy data on 'mychannel'
12-15 10:52:10 [JMQTClient] INF : [MAIN] Pub dummy data on 'mychannel'
12-15 10:52:20 [JMQTClient] INF : [MAIN] Pub dummy data on 'mychannel'
12-15 10:52:30 [JMQTClient] INF : [MAIN] Pub dummy data on 'mychannel'
12-15 10:52:40 [JMQTClient] INF : [MAIN] Pub dummy data on 'mychannel'
12-15 10:52:50 [JMQTClient] INF : [MAIN] Pub dummy data on 'mychannel'
12-15 10:53:00 [JMQTClient] INF : [MAIN] Pub dummy data on 'mychannel'
12-15 10:53:10 [JMQTClient] INF : [MAIN] Pub dummy data on 'mychannel'
12-15 10:53:20 [JMQTClient] INF : [MAIN] Pub dummy data on 'mychannel'
12-15 10:53:30 [JMQTClient] INF : [MAIN] Pub dummy data on 'mychannel'
12-15 10:53:40 [JMQTClient] INF : [MAIN] Pub dummy data on 'mychannel'
12-15 10:53:50 [JMQTClient] INF : [MAIN] Pub dummy data on 'mychannel'
12-15 10:54:00 [JMQTClient] INF : [MAIN] Pub dummy data on 'mychannel'
12-15 10:54:10 [JMQTClient] INF : [MAIN] Pub dummy data on 'mychannel'
12-15 10:54:20 [JMQTClient] INF : [MAIN] Pub dummy data on 'mychannel'
12-15 10:54:30 [JMQTClient] INF : [MAIN] Pub dummy data on 'mychannel'
12-15 10:54:40 [JMQTClient] INF : [MAIN] Pub dummy data on 'mychannel'
12-15 10:54:50 [JMQTClient] INF : [MAIN] Pub dummy data on 'mychannel'
12-15 10:55:00 [JMQTClient] INF : [MAIN] Pub dummy data on 'mychannel'
12-15 10:55:10 [JMQTClient] INF : [MAIN] Pub dummy data on 'mychannel'
12-15 10:55:20 [JMQTClient] INF : [MAIN] Pub dummy data on 'mychannel'
12-15 10:55:30 [JMQTClient] INF : [MAIN] Pub dummy data on 'mychannel'
12-15 10:55:40 [JMQTClient] INF : [MAIN] Pub dummy data on 'mychannel'
12-15 10:55:50 [JMQTClient] INF : [MAIN] Pub dummy data on 'mychannel'
12-15 10:56:00 [JMQTClient] INF : [MAIN] Pub dummy data on 'mychannel'
12-15 10:56:10 [JMQTClient] INF : [MAIN] Pub dummy data on 'mychannel'
12-15 10:56:20 [JMQTClient] INF : [MAIN] Pub dummy data on 'mychannel'
12-15 10:56:30 [JMQTClient] INF : [MAIN] Pub dummy data on 'mychannel'
12-15 10:56:40 [JMQTClient] INF : [MAIN] Pub dummy data on 'mychannel'
12-15 10:56:50 [JMQTClient] INF : [MAIN] Pub dummy data on 'mychannel'
12-15 10:57:00 [JMQTClient] INF : [MAIN] Pub dummy data on 'mychannel'
12-15 10:57:10 [JMQTClient] INF : [MAIN] Pub dummy data on 'mychannel'
12-15 10:57:21 [JMQTClient] INF : [MAIN] Pub dummy data on 'mychannel'
12-15 10:57:31 [JMQTClient] INF : [MAIN] Pub dummy data on 'mychannel'
12-15 10:57:41 [JMQTClient] INF : [MAIN] Pub dummy data on 'mychannel'
12-15 10:57:51 [JMQTClient] INF : [MAIN] Pub dummy data on 'mychannel'
12-15 10:58:01 [JMQTClient] INF : [MAIN] Pub dummy data on 'mychannel'
12-15 10:58:11 [JMQTClient] INF : [MAIN] Pub dummy data on 'mychannel'
12-15 10:58:21 [JMQTClient] INF : [MAIN] Pub dummy data on 'mychannel'
12-15 10:58:31 [JMQTClient] INF : [MAIN] Pub dummy data on 'mychannel'
12-15 10:58:41 [JMQTClient] INF : [MAIN] Pub dummy data on 'mychannel'
12-15 10:58:51 [JMQTClient] INF : [MAIN] Pub dummy data on 'mychannel'
12-15 10:59:01 [JMQTClient] INF : [MAIN] Pub dummy data on 'mychannel'
12-15 10:59:11 [JMQTClient] INF : [MAIN] Pub dummy data on 'mychannel'
12-15 10:59:21 [JMQTClient] INF : [MAIN] Pub dummy data on 'mychannel'
12-15 10:59:31 [JMQTClient] INF : [MAIN] Pub dummy data on 'mychannel'
12-15 10:59:41 [JMQTClient] INF : [MAIN] Pub dummy data on 'mychannel'
12-15 10:59:51 [JMQTClient] INF : [MAIN] Pub dummy data on 'mychannel'
12-15 11:00:01 [JMQTClient] INF : [MAIN] Pub dummy data on 'mychannel'
12-15 11:00:11 [JMQTClient] INF : [MAIN] Pub dummy data on 'mychannel'
12-15 11:00:21 [JMQTClient] INF : [MAIN] Pub dummy data on 'mychannel'
12-15 11:00:31 [JMQTClient] INF : [MAIN] Pub dummy data on 'mychannel'
12-15 11:00:41 [JMQTClient] INF : [MAIN] Pub dummy data on 'mychannel'
12-15 11:00:51 [JMQTClient] INF : [MAIN] Pub dummy data on 'mychannel'
12-15 11:01:01 [JMQTClient] INF : [MAIN] Pub dummy data on 'mychannel'
12-15 11:01:11 [JMQTClient] INF : [MAIN] Pub dummy data on 'mychannel'
12-15 11:01:21 [JMQTClient] INF : [MAIN] Pub dummy data on 'mychannel'
12-15 11:01:31 [JMQTClient] INF : [MAIN] Pub dummy data on 'mychannel'
12-15 11:01:41 [JMQTClient] INF : [MAIN] Pub dummy data on 'mychannel'
12-15 11:01:51 [JMQTClient] INF : [MAIN] Pub dummy data on 'mychannel'
12-15 11:02:01 [JMQTClient] INF : [MAIN] Pub dummy data on 'mychannel'
12-15 11:02:11 [JMQTClient] INF : [MAIN] Pub dummy data on 'mychannel'
12-15 11:02:21 [JMQTClient] INF : [MAIN] Pub dummy data on 'mychannel'
12-15 11:02:31 [JMQTClient] INF : [MAIN] Pub dummy data on 'mychannel'
12-15 11:02:41 [JMQTClient] INF : [MAIN] Pub dummy data on 'mychannel'
12-15 11:02:51 [JMQTClient] INF : [MAIN] Pub dummy data on 'mychannel'
12-15 11:03:01 [JMQTClient] INF : [MAIN] Pub dummy data on 'mychannel'
12-15 11:03:11 [JMQTClient] INF : [MAIN] Pub dummy data on 'mychannel'
12-15 11:03:21 [JMQTClient] INF : [MAIN] Pub dummy data on 'mychannel'
12-15 11:03:31 [JMQTClient] INF : [MAIN] Pub dummy data on 'mychannel'
12-15 11:03:41 [JMQTClient] INF : [MAIN] Pub dummy data on 'mychannel'
12-15 11:03:51 [JMQTClient] INF : [MAIN] Pub dummy data on 'mychannel'
12-15 11:04:01 [JMQTClient] INF : [MAIN] Pub dummy data on 'mychannel'
12-15 11:04:11 [JMQTClient] INF : [MAIN] Pub dummy data on 'mychannel'
12-15 11:04:21 [JMQTClient] INF : [MAIN] Pub dummy data on 'mychannel'
12-15 11:04:31 [JMQTClient] INF : [MAIN] Pub dummy data on 'mychannel'
12-15 11:04:41 [JMQTClient] INF : [MAIN] Pub dummy data on 'mychannel'
12-15 11:04:51 [JMQTClient] INF : [MAIN] Pub dummy data on 'mychannel'
12-15 11:05:01 [JMQTClient] INF : [MAIN] Pub dummy data on 'mychannel'
12-15 11:05:11 [JMQTClient] INF : [MAIN] Pub dummy data on 'mychannel'
12-15 11:05:21 [JMQTClient] INF : [MAIN] Pub dummy data on 'mychannel'
12-15 11:05:31 [JMQTClient] INF : [MAIN] Pub dummy data on 'mychannel'
12-15 11:05:41 [JMQTClient] INF : [MAIN] Pub dummy data on 'mychannel'
12-15 11:05:51 [JMQTClient] INF : [MAIN] Pub dummy data on 'mychannel'
12-15 11:06:01 [JMQTClient] INF : [MAIN] Pub dummy data on 'mychannel'
12-15 11:06:11 [JMQTClient] INF : [MAIN] Pub dummy data on 'mychannel'
12-15 11:06:21 [JMQTClient] INF : [MAIN] Pub dummy data on 'mychannel'
12-15 11:06:31 [JMQTClient] INF : [MAIN] Pub dummy data on 'mychannel'
12-15 11:06:41 [JMQTClient] INF : [MAIN] Pub dummy data on 'mychannel'
12-15 11:06:51 [JMQTClient] INF : [MAIN] Pub dummy data on 'mychannel'
12-15 11:07:01 [JMQTClient] INF : [MAIN] Pub dummy data on 'mychannel'
12-15 11:07:11 [JMQTClient] INF : [MAIN] Pub dummy data on 'mychannel'
12-15 11:07:21 [JMQTClient] INF : [MAIN] Pub dummy data on 'mychannel'
12-15 11:07:30 [JMQTClient] INF : [Main] Data on 'update' from  : {'online': 'webclient'} (QOS 0, RETAIN 0)
12-15 11:07:31 [JMQTClient] INF : [MAIN] Pub dummy data on 'mychannel'
12-15 11:07:41 [JMQTClient] INF : [MAIN] Pub dummy data on 'mychannel'
12-15 11:07:51 [JMQTClient] INF : [MAIN] Pub dummy data on 'mychannel'
12-15 11:08:01 [JMQTClient] INF : [MAIN] Pub dummy data on 'mychannel'
12-15 11:08:11 [JMQTClient] INF : [MAIN] Pub dummy data on 'mychannel'
12-15 11:08:21 [JMQTClient] INF : [MAIN] Pub dummy data on 'mychannel'
12-15 11:08:26 [JMQTClient] INF : [Main] Data on 'update' from  : {'offline': 'webclient'} (QOS 0, RETAIN 0)
12-15 11:08:26 [JMQTClient] INF : [Main] Data on 'update' from  : {'offline': 'webclient'} (QOS 0, RETAIN 0)
12-15 11:08:29 [JMQTClient] INF : [Main] Data on 'update' from  : {'online': 'webclient'} (QOS 0, RETAIN 0)
12-15 11:08:31 [JMQTClient] INF : [MAIN] Pub dummy data on 'mychannel'
12-15 11:08:41 [JMQTClient] INF : [MAIN] Pub dummy data on 'mychannel'
12-15 11:08:51 [JMQTClient] INF : [MAIN] Pub dummy data on 'mychannel'
12-15 11:09:01 [JMQTClient] INF : [MAIN] Pub dummy data on 'mychannel'
12-15 11:09:11 [JMQTClient] INF : [MAIN] Pub dummy data on 'mychannel'
12-15 11:09:21 [JMQTClient] INF : [MAIN] Pub dummy data on 'mychannel'
12-15 11:09:31 [JMQTClient] INF : [MAIN] Pub dummy data on 'mychannel'
12-15 11:09:41 [JMQTClient] INF : [MAIN] Pub dummy data on 'mychannel'
12-15 11:09:51 [JMQTClient] INF : [MAIN] Pub dummy data on 'mychannel'
12-15 11:10:01 [JMQTClient] INF : [MAIN] Pub dummy data on 'mychannel'
12-15 11:10:11 [JMQTClient] INF : [MAIN] Pub dummy data on 'mychannel'
12-15 11:10:22 [JMQTClient] INF : [MAIN] Pub dummy data on 'mychannel'
12-15 11:10:32 [JMQTClient] INF : [MAIN] Pub dummy data on 'mychannel'
12-15 11:10:42 [JMQTClient] INF : [MAIN] Pub dummy data on 'mychannel'
12-15 11:10:50 [JMQTClient] INF : [Main] Data on 'mychannel' from webclient : test (QOS 0, RETAIN 0)
12-15 11:10:52 [JMQTClient] INF : [MAIN] Pub dummy data on 'mychannel'
12-15 11:11:02 [JMQTClient] INF : [MAIN] Pub dummy data on 'mychannel'
12-15 11:11:12 [JMQTClient] INF : [MAIN] Pub dummy data on 'mychannel'
12-15 11:11:22 [JMQTClient] INF : [MAIN] Pub dummy data on 'mychannel'
12-15 11:11:32 [JMQTClient] INF : [MAIN] Pub dummy data on 'mychannel'
12-15 11:11:38 [JMQTClient] INF : [Main] Data on 'mychannel' from webclient : test (QOS 0, RETAIN 0)
12-15 11:11:42 [JMQTClient] INF : [MAIN] Pub dummy data on 'mychannel'
12-15 11:11:52 [JMQTClient] INF : [MAIN] Pub dummy data on 'mychannel'
12-15 11:11:55 [JMQTClient] INF : [Main] Data on 'mychannel' from webclient : test (QOS 0, RETAIN 0)
12-15 11:11:56 [JMQTClient] INF : [Main] Data on 'mychannel' from webclient : test (QOS 0, RETAIN 0)
12-15 11:11:57 [JMQTClient] INF : [Main] Data on 'update' from  : {'offline': 'webclient'} (QOS 0, RETAIN 0)
12-15 11:11:57 [JMQTClient] INF : [Main] Data on 'update' from  : {'offline': 'webclient'} (QOS 0, RETAIN 0)
12-15 11:12:02 [JMQTClient] INF : [MAIN] Pub dummy data on 'mychannel'
12-15 11:12:12 [JMQTClient] INF : [MAIN] Pub dummy data on 'mychannel'
12-15 11:12:22 [JMQTClient] INF : [MAIN] Pub dummy data on 'mychannel'
12-15 11:12:32 [JMQTClient] INF : [MAIN] Pub dummy data on 'mychannel'
12-15 11:12:42 [JMQTClient] INF : [MAIN] Pub dummy data on 'mychannel'
12-15 11:12:52 [JMQTClient] INF : [MAIN] Pub dummy data on 'mychannel'
12-15 11:13:02 [JMQTClient] INF : [MAIN] Pub dummy data on 'mychannel'
12-15 11:13:12 [JMQTClient] INF : [MAIN] Pub dummy data on 'mychannel'
12-15 11:13:13 [JMQTClient] INF : Closing socket localhost:8010
12-15 11:13:13 [JMQTClient:disconnect] INF : Disconnected from localhost:8010
12-15 11:13:13 [JMQTClient] INF : [MAIN] Disconnected from server! Will retry after 10 seconds
12-15 11:13:13 [JMQTClient] INF : Read stopped
12-15 11:13:14 [JMQTClient] INF : HB stopped
12-15 11:13:18 [JMQTClient] INF : [MAIN] Interrupt received..
12-15 11:13:18 [JMQTClient:disconnect] INF : Client already disconnected!
12-15 11:13:18 [JMQTClient] INF : [MAIN] Stopped!
12-15 11:13:18 [JMQTClient] INF : [MAIN] Interrupt received..
12-15 11:13:18 [JMQTClient:disconnect] INF : Client already disconnected!
12-15 11:13:18 [JMQTClient] INF : [MAIN] Stopped!
12-15 11:15:00 [JMQTClient] INF : Loading config "/home/shubhadeep/Development/personal/github/jmqt/examples/client.conf"
12-15 11:15:00 [JMQTClient] INF : [MAIN] Start initiated..
12-15 11:15:01 [JMQTClient] INF : [MAIN] Retry auth..
12-15 11:15:01 [JMQTClient] INF : [MAIN] Requesting auth with client name 'pyclient1'
12-15 11:15:01 [JMQTClient] INF : Opening socket localhost:8010
12-15 11:15:01 [JMQTClient] INF : Read started
12-15 11:15:01 [JMQTClient] INF : Socket opened localhost:8010
12-15 11:15:01 [JMQTClient] INF : auth..
12-15 11:15:01 [JMQTClient] INF : authAck, status 1
12-15 11:15:01 [JMQTClient] INF : [MAIN] Auth status OK
12-15 11:15:01 [JMQTClient] INF : [MAIN] Requesting conn with client id 'pyclient1'
12-15 11:15:01 [JMQTClient] INF : conn..
12-15 11:15:01 [JMQTClient] INF : connAck, status 1
12-15 11:15:01 [JMQTClient] INF : HB started
12-15 11:15:01 [JMQTClient] INF : [MAIN] Conn status 1
12-15 11:15:01 [JMQTClient] INF : [MAIN] Requesting sub to channel 'mychannel'
12-15 11:15:01 [JMQTClient] INF : sub 'mychannel' persistent 1
12-15 11:15:02 [JMQTClient] INF : [MAIN] Sub to channel 'mychannel' status 1
12-15 11:15:11 [JMQTClient] INF : [MAIN] Pub dummy data on 'mychannel'
12-15 11:15:12 [JMQTClient] INF : [Main] Data on 'update' from  : {'online': 'webclient'} (QOS 0, RETAIN 0)
12-15 11:15:21 [JMQTClient] INF : [MAIN] Pub dummy data on 'mychannel'
12-15 11:15:24 [JMQTClient] INF : [Main] Data on 'update' from  : {'offline': 'webclient'} (QOS 0, RETAIN 0)
12-15 11:15:28 [JMQTClient] INF : [Main] Data on 'update' from  : {'online': 'webclient'} (QOS 0, RETAIN 0)
12-15 11:15:31 [JMQTClient] INF : [MAIN] Pub dummy data on 'mychannel'
12-15 11:15:41 [JMQTClient] INF : [MAIN] Pub dummy data on 'mychannel'
12-15 11:15:51 [JMQTClient] INF : [MAIN] Pub dummy data on 'mychannel'
12-15 11:16:01 [JMQTClient] INF : [MAIN] Pub dummy data on 'mychannel'
12-15 11:16:09 [JMQTClient] INF : [Main] Data on 'update' from  : {'offline': 'webclient'} (QOS 0, RETAIN 0)
12-15 11:16:11 [JMQTClient] INF : [Main] Data on 'update' from  : {'online': 'webclient'} (QOS 0, RETAIN 0)
12-15 11:16:11 [JMQTClient] INF : [MAIN] Pub dummy data on 'mychannel'
12-15 11:16:21 [JMQTClient] INF : [MAIN] Pub dummy data on 'mychannel'
12-15 11:16:31 [JMQTClient] INF : [MAIN] Pub dummy data on 'mychannel'
12-15 11:16:41 [JMQTClient] INF : [MAIN] Pub dummy data on 'mychannel'
12-15 11:16:51 [JMQTClient] INF : [MAIN] Pub dummy data on 'mychannel'
12-15 11:17:01 [JMQTClient] INF : [MAIN] Pub dummy data on 'mychannel'
12-15 11:17:11 [JMQTClient] INF : [MAIN] Pub dummy data on 'mychannel'
12-15 11:17:21 [JMQTClient] INF : [MAIN] Pub dummy data on 'mychannel'
12-15 11:17:31 [JMQTClient] INF : [MAIN] Pub dummy data on 'mychannel'
12-15 11:17:41 [JMQTClient] INF : [MAIN] Pub dummy data on 'mychannel'
12-15 11:17:51 [JMQTClient] INF : [MAIN] Pub dummy data on 'mychannel'
12-15 11:18:01 [JMQTClient] INF : [MAIN] Pub dummy data on 'mychannel'
12-15 11:18:11 [JMQTClient] INF : [MAIN] Pub dummy data on 'mychannel'
12-15 11:18:21 [JMQTClient] INF : [MAIN] Pub dummy data on 'mychannel'
12-15 11:18:30 [JMQTClient] INF : [Main] Data on 'update' from  : {'offline': 'webclient'} (QOS 0, RETAIN 0)
12-15 11:18:31 [JMQTClient] INF : [MAIN] Pub dummy data on 'mychannel'
12-15 11:18:32 [JMQTClient] INF : [Main] Data on 'update' from  : {'online': 'webclient'} (QOS 0, RETAIN 0)
12-15 11:18:41 [JMQTClient] INF : [MAIN] Pub dummy data on 'mychannel'
12-15 11:18:52 [JMQTClient] INF : [MAIN] Pub dummy data on 'mychannel'
12-15 11:19:02 [JMQTClient] INF : [MAIN] Pub dummy data on 'mychannel'
12-15 11:19:12 [JMQTClient] INF : [MAIN] Pub dummy data on 'mychannel'
12-15 11:19:22 [JMQTClient] INF : [MAIN] Pub dummy data on 'mychannel'
12-15 11:19:32 [JMQTClient] INF : [MAIN] Pub dummy data on 'mychannel'
12-15 11:19:42 [JMQTClient] INF : [MAIN] Pub dummy data on 'mychannel'
12-15 11:19:52 [JMQTClient] INF : [MAIN] Pub dummy data on 'mychannel'
12-15 11:20:02 [JMQTClient] INF : [MAIN] Pub dummy data on 'mychannel'
12-15 11:20:12 [JMQTClient] INF : [MAIN] Pub dummy data on 'mychannel'
12-15 11:20:22 [JMQTClient] INF : [MAIN] Pub dummy data on 'mychannel'
12-15 11:20:32 [JMQTClient] INF : [MAIN] Pub dummy data on 'mychannel'
12-15 11:20:42 [JMQTClient] INF : [MAIN] Pub dummy data on 'mychannel'
12-15 11:20:52 [JMQTClient] INF : [MAIN] Pub dummy data on 'mychannel'
12-15 11:21:02 [JMQTClient] INF : [MAIN] Pub dummy data on 'mychannel'
12-15 11:21:10 [JMQTClient] INF : [Main] Data on 'update' from  : {'offline': 'webclient'} (QOS 0, RETAIN 0)
12-15 11:21:12 [JMQTClient] INF : [MAIN] Pub dummy data on 'mychannel'
12-15 11:21:13 [JMQTClient] INF : [Main] Data on 'update' from  : {'online': 'webclient'} (QOS 0, RETAIN 0)
12-15 11:21:22 [JMQTClient] INF : [MAIN] Pub dummy data on 'mychannel'
12-15 11:21:32 [JMQTClient] INF : [MAIN] Pub dummy data on 'mychannel'
12-15 11:21:42 [JMQTClient] INF : [MAIN] Pub dummy data on 'mychannel'
12-15 11:21:52 [JMQTClient] INF : [MAIN] Pub dummy data on 'mychannel'
12-15 11:22:00 [JMQTClient] INF : [Main] Data on 'update' from  : {'offline': 'webclient'} (QOS 0, RETAIN 0)
12-15 11:22:02 [JMQTClient] INF : [MAIN] Pub dummy data on 'mychannel'
12-15 11:22:12 [JMQTClient] INF : [MAIN] Pub dummy data on 'mychannel'
12-15 11:22:22 [JMQTClient] INF : [MAIN] Pub dummy data on 'mychannel'
12-15 11:22:31 [JMQTClient] INF : [Main] Data on 'update' from  : {'online': 'webclient'} (QOS 0, RETAIN 0)
12-15 11:22:32 [JMQTClient] INF : [MAIN] Pub dummy data on 'mychannel'
12-15 11:22:42 [JMQTClient] INF : [MAIN] Pub dummy data on 'mychannel'
12-15 11:22:52 [JMQTClient] INF : [MAIN] Pub dummy data on 'mychannel'
12-15 11:23:02 [JMQTClient] INF : [MAIN] Pub dummy data on 'mychannel'
12-15 11:23:12 [JMQTClient] INF : [MAIN] Pub dummy data on 'mychannel'
12-15 11:23:22 [JMQTClient] INF : [MAIN] Pub dummy data on 'mychannel'
12-15 11:23:32 [JMQTClient] INF : [MAIN] Pub dummy data on 'mychannel'
12-15 11:23:42 [JMQTClient] INF : [MAIN] Pub dummy data on 'mychannel'
12-15 11:23:52 [JMQTClient] INF : [MAIN] Pub dummy data on 'mychannel'
12-15 11:24:02 [JMQTClient] INF : [MAIN] Pub dummy data on 'mychannel'
12-15 11:24:12 [JMQTClient] INF : [MAIN] Pub dummy data on 'mychannel'
12-15 11:24:22 [JMQTClient] INF : [MAIN] Pub dummy data on 'mychannel'
12-15 11:24:32 [JMQTClient] INF : [MAIN] Pub dummy data on 'mychannel'
12-15 11:24:42 [JMQTClient] INF : [MAIN] Pub dummy data on 'mychannel'
12-15 11:24:52 [JMQTClient] INF : [MAIN] Pub dummy data on 'mychannel'
12-15 11:25:02 [JMQTClient] INF : [MAIN] Pub dummy data on 'mychannel'
12-15 11:25:12 [JMQTClient] INF : [MAIN] Pub dummy data on 'mychannel'
12-15 11:25:22 [JMQTClient] INF : [MAIN] Pub dummy data on 'mychannel'
12-15 11:25:32 [JMQTClient] INF : [MAIN] Pub dummy data on 'mychannel'
12-15 11:25:40 [JMQTClient] INF : [Main] Data on 'update' from  : {'offline': 'webclient'} (QOS 0, RETAIN 0)
12-15 11:25:42 [JMQTClient] INF : [MAIN] Pub dummy data on 'mychannel'
12-15 11:25:42 [JMQTClient] INF : [Main] Data on 'update' from  : {'online': 'webclient'} (QOS 0, RETAIN 0)
12-15 11:25:52 [JMQTClient] INF : [MAIN] Pub dummy data on 'mychannel'
12-15 11:26:02 [JMQTClient] INF : [MAIN] Pub dummy data on 'mychannel'
12-15 11:26:12 [JMQTClient] INF : [MAIN] Pub dummy data on 'mychannel'
12-15 11:26:22 [JMQTClient] INF : [Main] Data on 'update' from  : {'offline': 'webclient'} (QOS 0, RETAIN 0)
12-15 11:26:22 [JMQTClient] INF : [Main] Data on 'update' from  : {'offline': 'webclient'} (QOS 0, RETAIN 0)
12-15 11:26:22 [JMQTClient] INF : [MAIN] Pub dummy data on 'mychannel'
12-15 11:26:23 [JMQTClient] INF : [Main] Data on 'update' from  : {'online': 'webclient'} (QOS 0, RETAIN 0)
12-15 11:26:27 [JMQTClient] INF : [Main] Data on 'update' from  : {'offline': 'webclient'} (QOS 0, RETAIN 0)
12-15 11:26:27 [JMQTClient] INF : [Main] Data on 'update' from  : {'offline': 'webclient'} (QOS 0, RETAIN 0)
12-15 11:26:32 [JMQTClient] INF : [MAIN] Pub dummy data on 'mychannel'
12-15 11:26:42 [JMQTClient] INF : [MAIN] Pub dummy data on 'mychannel'
12-15 11:26:44 [JMQTClient] INF : [Main] Data on 'update' from  : {'online': 'webclient'} (QOS 0, RETAIN 0)
12-15 11:26:52 [JMQTClient] INF : [MAIN] Pub dummy data on 'mychannel'
12-15 11:27:02 [JMQTClient] INF : [MAIN] Pub dummy data on 'mychannel'
12-15 11:27:12 [JMQTClient] INF : [MAIN] Pub dummy data on 'mychannel'
12-15 11:27:22 [JMQTClient] INF : [MAIN] Pub dummy data on 'mychannel'
12-15 11:27:32 [JMQTClient] INF : [MAIN] Pub dummy data on 'mychannel'
12-15 11:27:42 [JMQTClient] INF : [MAIN] Pub dummy data on 'mychannel'
12-15 11:27:52 [JMQTClient] INF : [MAIN] Pub dummy data on 'mychannel'
12-15 11:28:02 [JMQTClient] INF : [MAIN] Pub dummy data on 'mychannel'
12-15 11:28:12 [JMQTClient] INF : [MAIN] Pub dummy data on 'mychannel'
12-15 11:28:22 [JMQTClient] INF : [MAIN] Pub dummy data on 'mychannel'
12-15 11:28:28 [JMQTClient] INF : [Main] Data on 'update' from  : {'offline': 'webclient'} (QOS 0, RETAIN 0)
12-15 11:28:32 [JMQTClient] INF : [Main] Data on 'update' from  : {'online': 'webclient'} (QOS 0, RETAIN 0)
12-15 11:28:32 [JMQTClient] INF : [MAIN] Pub dummy data on 'mychannel'
12-15 11:28:36 [JMQTClient] INF : pushAck packet # '7665b7f8-002e-11e9-aa7c-80c5f2e7b48f'
12-15 11:28:36 [JMQTClient] INF : [Main] Data on 'mychannel' from webclient : Test Message (QOS 1, RETAIN 0)
12-15 11:28:42 [JMQTClient] INF : [MAIN] Pub dummy data on 'mychannel'
12-15 11:28:52 [JMQTClient] INF : [MAIN] Pub dummy data on 'mychannel'
12-15 11:29:02 [JMQTClient] INF : [MAIN] Pub dummy data on 'mychannel'
12-15 11:29:12 [JMQTClient] INF : [MAIN] Pub dummy data on 'mychannel'
12-15 11:29:22 [JMQTClient] INF : [MAIN] Pub dummy data on 'mychannel'
12-15 11:29:32 [JMQTClient] INF : [MAIN] Pub dummy data on 'mychannel'
12-15 11:29:42 [JMQTClient] INF : [MAIN] Pub dummy data on 'mychannel'
12-15 11:29:52 [JMQTClient] INF : [MAIN] Pub dummy data on 'mychannel'
12-15 11:30:02 [JMQTClient] INF : [MAIN] Pub dummy data on 'mychannel'
12-15 11:30:12 [JMQTClient] INF : [MAIN] Pub dummy data on 'mychannel'
12-15 11:30:22 [JMQTClient] INF : [MAIN] Pub dummy data on 'mychannel'
12-15 11:30:32 [JMQTClient] INF : [MAIN] Pub dummy data on 'mychannel'
12-15 11:30:42 [JMQTClient] INF : [MAIN] Pub dummy data on 'mychannel'
12-15 11:30:52 [JMQTClient] INF : [MAIN] Pub dummy data on 'mychannel'
12-15 11:31:02 [JMQTClient] INF : [MAIN] Pub dummy data on 'mychannel'
12-15 11:31:12 [JMQTClient] INF : [MAIN] Pub dummy data on 'mychannel'
12-15 11:31:22 [JMQTClient] INF : [MAIN] Pub dummy data on 'mychannel'
12-15 11:31:32 [JMQTClient] INF : [MAIN] Pub dummy data on 'mychannel'
12-15 11:31:42 [JMQTClient] INF : [MAIN] Pub dummy data on 'mychannel'
12-15 11:31:52 [JMQTClient] INF : [MAIN] Pub dummy data on 'mychannel'
12-15 11:32:02 [JMQTClient] INF : [MAIN] Pub dummy data on 'mychannel'
12-15 11:32:13 [JMQTClient] INF : [MAIN] Pub dummy data on 'mychannel'
12-15 11:32:23 [JMQTClient] INF : [MAIN] Pub dummy data on 'mychannel'
12-15 11:32:33 [JMQTClient] INF : [MAIN] Pub dummy data on 'mychannel'
12-15 11:32:43 [JMQTClient] INF : [MAIN] Pub dummy data on 'mychannel'
12-15 11:32:53 [JMQTClient] INF : [MAIN] Pub dummy data on 'mychannel'
12-15 11:33:03 [JMQTClient] INF : [MAIN] Pub dummy data on 'mychannel'
12-15 11:33:13 [JMQTClient] INF : [MAIN] Pub dummy data on 'mychannel'
12-15 11:33:23 [JMQTClient] INF : [MAIN] Pub dummy data on 'mychannel'
12-15 11:33:33 [JMQTClient] INF : [MAIN] Pub dummy data on 'mychannel'
12-15 11:33:43 [JMQTClient] INF : [MAIN] Pub dummy data on 'mychannel'
12-15 11:33:53 [JMQTClient] INF : [MAIN] Pub dummy data on 'mychannel'
12-15 11:34:03 [JMQTClient] INF : [MAIN] Pub dummy data on 'mychannel'
12-15 11:34:13 [JMQTClient] INF : [MAIN] Pub dummy data on 'mychannel'
12-15 11:34:23 [JMQTClient] INF : [MAIN] Pub dummy data on 'mychannel'
12-15 11:34:33 [JMQTClient] INF : [MAIN] Pub dummy data on 'mychannel'
12-15 11:34:43 [JMQTClient] INF : [MAIN] Pub dummy data on 'mychannel'
12-15 11:34:43 [JMQTClient] INF : [Main] Data on 'update' from  : {'offline': 'webclient'} (QOS 0, RETAIN 0)
12-15 11:34:43 [JMQTClient] INF : [Main] Data on 'update' from  : {'offline': 'webclient'} (QOS 0, RETAIN 0)
12-15 11:34:45 [JMQTClient] INF : [Main] Data on 'update' from  : {'online': 'webclient'} (QOS 0, RETAIN 0)
12-15 11:34:53 [JMQTClient] INF : [MAIN] Pub dummy data on 'mychannel'
12-15 11:35:03 [JMQTClient] INF : [MAIN] Pub dummy data on 'mychannel'
12-15 11:35:13 [JMQTClient] INF : [MAIN] Pub dummy data on 'mychannel'
12-15 11:35:23 [JMQTClient] INF : [MAIN] Pub dummy data on 'mychannel'
12-15 11:35:33 [JMQTClient] INF : [MAIN] Pub dummy data on 'mychannel'
12-15 11:35:43 [JMQTClient] INF : [MAIN] Pub dummy data on 'mychannel'
12-15 11:35:53 [JMQTClient] INF : [MAIN] Pub dummy data on 'mychannel'
12-15 11:36:03 [JMQTClient] INF : [MAIN] Pub dummy data on 'mychannel'
12-15 11:36:13 [JMQTClient] INF : [MAIN] Pub dummy data on 'mychannel'
12-15 11:36:23 [JMQTClient] INF : [MAIN] Pub dummy data on 'mychannel'
12-15 11:36:33 [JMQTClient] INF : [MAIN] Pub dummy data on 'mychannel'
12-15 11:36:43 [JMQTClient] INF : [MAIN] Pub dummy data on 'mychannel'
12-15 11:36:53 [JMQTClient] INF : [MAIN] Pub dummy data on 'mychannel'
12-15 11:37:03 [JMQTClient] INF : [MAIN] Pub dummy data on 'mychannel'
12-15 11:37:13 [JMQTClient] INF : [MAIN] Pub dummy data on 'mychannel'
12-15 11:37:23 [JMQTClient] INF : [MAIN] Pub dummy data on 'mychannel'
12-15 11:37:32 [JMQTClient] INF : pushAck packet # 'b5e0732c-002f-11e9-aa7c-80c5f2e7b48f'
12-15 11:37:32 [JMQTClient] INF : [Main] Data on '#pyclient1' from webclient : p2p Message (QOS 1, RETAIN 0)
12-15 11:37:33 [JMQTClient] INF : [MAIN] Pub dummy data on 'mychannel'
12-15 11:37:43 [JMQTClient] INF : [MAIN] Pub dummy data on 'mychannel'
12-15 11:37:53 [JMQTClient] INF : [MAIN] Pub dummy data on 'mychannel'
12-15 11:38:03 [JMQTClient] INF : [MAIN] Pub dummy data on 'mychannel'
12-15 11:38:13 [JMQTClient] INF : [MAIN] Pub dummy data on 'mychannel'
12-15 11:38:23 [JMQTClient] INF : [MAIN] Pub dummy data on 'mychannel'
12-15 11:38:33 [JMQTClient] INF : [MAIN] Pub dummy data on 'mychannel'
12-15 11:38:43 [JMQTClient] INF : [MAIN] Pub dummy data on 'mychannel'
12-15 11:38:53 [JMQTClient] INF : [MAIN] Pub dummy data on 'mychannel'
12-15 11:39:03 [JMQTClient] INF : [MAIN] Pub dummy data on 'mychannel'
12-15 11:39:06 [JMQTClient] INF : [Main] Data on 'update' from  : {'offline': 'webclient'} (QOS 0, RETAIN 0)
12-15 11:39:06 [JMQTClient] INF : [Main] Data on 'update' from  : {'offline': 'webclient'} (QOS 0, RETAIN 0)
12-15 11:39:13 [JMQTClient] INF : [MAIN] Pub dummy data on 'mychannel'
12-15 11:39:23 [JMQTClient] INF : [MAIN] Pub dummy data on 'mychannel'
12-15 11:39:33 [JMQTClient] INF : [MAIN] Pub dummy data on 'mychannel'
12-15 11:39:43 [JMQTClient] INF : [MAIN] Pub dummy data on 'mychannel'
12-15 11:39:53 [JMQTClient] INF : [MAIN] Pub dummy data on 'mychannel'
12-15 11:40:03 [JMQTClient] INF : [MAIN] Pub dummy data on 'mychannel'
12-15 11:40:13 [JMQTClient] INF : [MAIN] Pub dummy data on 'mychannel'
12-15 11:40:23 [JMQTClient] INF : [MAIN] Pub dummy data on 'mychannel'
12-15 11:40:33 [JMQTClient] INF : [MAIN] Pub dummy data on 'mychannel'
12-15 11:40:43 [JMQTClient] INF : [MAIN] Pub dummy data on 'mychannel'
12-15 11:40:53 [JMQTClient] INF : [MAIN] Pub dummy data on 'mychannel'
12-15 11:41:03 [JMQTClient] INF : [MAIN] Pub dummy data on 'mychannel'
12-15 11:41:13 [JMQTClient] INF : [MAIN] Pub dummy data on 'mychannel'
12-15 11:41:23 [JMQTClient] INF : [MAIN] Pub dummy data on 'mychannel'
12-15 11:41:33 [JMQTClient] INF : [MAIN] Pub dummy data on 'mychannel'
12-15 11:41:43 [JMQTClient] INF : [MAIN] Pub dummy data on 'mychannel'
12-15 11:41:53 [JMQTClient] INF : [MAIN] Pub dummy data on 'mychannel'
12-15 11:42:03 [JMQTClient] INF : [MAIN] Pub dummy data on 'mychannel'
12-15 11:42:13 [JMQTClient] INF : [MAIN] Pub dummy data on 'mychannel'
12-15 11:42:23 [JMQTClient] INF : [MAIN] Pub dummy data on 'mychannel'
12-15 11:42:33 [JMQTClient] INF : [MAIN] Pub dummy data on 'mychannel'
12-15 11:42:43 [JMQTClient] INF : [MAIN] Pub dummy data on 'mychannel'
12-15 11:42:53 [JMQTClient] INF : [MAIN] Pub dummy data on 'mychannel'
12-15 11:43:03 [JMQTClient] INF : [MAIN] Pub dummy data on 'mychannel'
12-15 11:43:13 [JMQTClient] INF : [MAIN] Pub dummy data on 'mychannel'
12-15 11:43:23 [JMQTClient] INF : [MAIN] Pub dummy data on 'mychannel'
12-15 11:43:33 [JMQTClient] INF : [MAIN] Pub dummy data on 'mychannel'
12-15 11:43:43 [JMQTClient] INF : [MAIN] Pub dummy data on 'mychannel'
12-15 11:43:53 [JMQTClient] INF : [MAIN] Pub dummy data on 'mychannel'
12-15 11:44:03 [JMQTClient] INF : [MAIN] Pub dummy data on 'mychannel'
12-15 11:44:13 [JMQTClient] INF : [MAIN] Pub dummy data on 'mychannel'
12-15 11:44:23 [JMQTClient] INF : [MAIN] Pub dummy data on 'mychannel'
12-15 11:44:33 [JMQTClient] INF : [MAIN] Pub dummy data on 'mychannel'
12-15 11:44:43 [JMQTClient] INF : [MAIN] Pub dummy data on 'mychannel'
12-15 11:44:53 [JMQTClient] INF : [MAIN] Pub dummy data on 'mychannel'
12-15 11:45:04 [JMQTClient] INF : [MAIN] Pub dummy data on 'mychannel'
12-15 11:45:14 [JMQTClient] INF : [MAIN] Pub dummy data on 'mychannel'
12-15 11:45:24 [JMQTClient] INF : [MAIN] Pub dummy data on 'mychannel'
12-15 11:45:34 [JMQTClient] INF : [MAIN] Pub dummy data on 'mychannel'
12-15 11:45:41 [JMQTClient] INF : [Main] Data on 'update' from  : {'online': 'webclient'} (QOS 0, RETAIN 0)
12-15 11:45:44 [JMQTClient] INF : [MAIN] Pub dummy data on 'mychannel'
12-15 11:45:54 [JMQTClient] INF : [MAIN] Pub dummy data on 'mychannel'
12-15 11:46:04 [JMQTClient] INF : [MAIN] Pub dummy data on 'mychannel'
12-15 11:46:14 [JMQTClient] INF : [MAIN] Pub dummy data on 'mychannel'
12-15 11:46:24 [JMQTClient] INF : [MAIN] Pub dummy data on 'mychannel'
12-15 11:46:34 [JMQTClient] INF : [MAIN] Pub dummy data on 'mychannel'
12-15 11:46:44 [JMQTClient] INF : [MAIN] Pub dummy data on 'mychannel'
12-15 11:46:54 [JMQTClient] INF : [MAIN] Pub dummy data on 'mychannel'
12-15 11:47:04 [JMQTClient] INF : [MAIN] Pub dummy data on 'mychannel'
12-15 11:47:14 [JMQTClient] INF : [MAIN] Pub dummy data on 'mychannel'
12-15 11:47:24 [JMQTClient] INF : [MAIN] Pub dummy data on 'mychannel'
12-15 11:47:34 [JMQTClient] INF : [MAIN] Pub dummy data on 'mychannel'
12-15 11:47:44 [JMQTClient] INF : [MAIN] Pub dummy data on 'mychannel'
12-15 11:47:54 [JMQTClient] INF : [MAIN] Pub dummy data on 'mychannel'
12-15 11:48:04 [JMQTClient] INF : [MAIN] Pub dummy data on 'mychannel'
12-15 11:48:14 [JMQTClient] INF : [MAIN] Pub dummy data on 'mychannel'
12-15 11:48:24 [JMQTClient] INF : [MAIN] Pub dummy data on 'mychannel'
12-15 11:48:34 [JMQTClient] INF : [MAIN] Pub dummy data on 'mychannel'
12-15 11:48:44 [JMQTClient] INF : [MAIN] Pub dummy data on 'mychannel'
12-15 11:48:54 [JMQTClient] INF : [MAIN] Pub dummy data on 'mychannel'
12-15 11:49:04 [JMQTClient] INF : [MAIN] Pub dummy data on 'mychannel'
12-15 11:49:14 [JMQTClient] INF : [MAIN] Pub dummy data on 'mychannel'
12-15 11:49:24 [JMQTClient] INF : [MAIN] Pub dummy data on 'mychannel'
12-15 11:49:34 [JMQTClient] INF : [MAIN] Pub dummy data on 'mychannel'
12-15 11:49:44 [JMQTClient] INF : [MAIN] Pub dummy data on 'mychannel'
12-15 11:49:54 [JMQTClient] INF : [MAIN] Pub dummy data on 'mychannel'
12-15 11:50:04 [JMQTClient] INF : [MAIN] Pub dummy data on 'mychannel'
12-15 11:50:14 [JMQTClient] INF : [MAIN] Pub dummy data on 'mychannel'
12-15 11:50:24 [JMQTClient] INF : [MAIN] Pub dummy data on 'mychannel'
12-15 11:50:34 [JMQTClient] INF : [MAIN] Pub dummy data on 'mychannel'
12-15 11:50:44 [JMQTClient] INF : [MAIN] Pub dummy data on 'mychannel'
12-15 11:50:54 [JMQTClient] INF : [MAIN] Pub dummy data on 'mychannel'
12-15 11:51:04 [JMQTClient] INF : [MAIN] Pub dummy data on 'mychannel'
12-15 11:51:14 [JMQTClient] INF : [MAIN] Pub dummy data on 'mychannel'
12-15 11:51:24 [JMQTClient] INF : [MAIN] Pub dummy data on 'mychannel'
12-15 11:51:34 [JMQTClient] INF : [MAIN] Pub dummy data on 'mychannel'
12-15 11:51:44 [JMQTClient] INF : [MAIN] Pub dummy data on 'mychannel'
12-15 11:51:54 [JMQTClient] INF : [MAIN] Pub dummy data on 'mychannel'
12-15 11:52:04 [JMQTClient] INF : [MAIN] Pub dummy data on 'mychannel'
12-15 11:52:14 [JMQTClient] INF : [MAIN] Pub dummy data on 'mychannel'
12-15 11:52:24 [JMQTClient] INF : [MAIN] Pub dummy data on 'mychannel'
12-15 11:52:34 [JMQTClient] INF : [MAIN] Pub dummy data on 'mychannel'
12-15 11:52:44 [JMQTClient] INF : [MAIN] Pub dummy data on 'mychannel'
12-15 11:52:54 [JMQTClient] INF : [MAIN] Pub dummy data on 'mychannel'
12-15 11:53:04 [JMQTClient] INF : [MAIN] Pub dummy data on 'mychannel'
12-15 11:53:14 [JMQTClient] INF : [MAIN] Pub dummy data on 'mychannel'
12-15 11:53:24 [JMQTClient] INF : [MAIN] Pub dummy data on 'mychannel'
12-15 11:53:34 [JMQTClient] INF : [MAIN] Pub dummy data on 'mychannel'
12-15 11:53:44 [JMQTClient] INF : [MAIN] Pub dummy data on 'mychannel'
12-15 11:53:54 [JMQTClient] INF : [MAIN] Pub dummy data on 'mychannel'
12-15 11:54:04 [JMQTClient] INF : [MAIN] Pub dummy data on 'mychannel'
12-15 11:54:14 [JMQTClient] INF : [MAIN] Pub dummy data on 'mychannel'
12-15 11:54:24 [JMQTClient] INF : [MAIN] Pub dummy data on 'mychannel'
12-15 11:54:34 [JMQTClient] INF : [MAIN] Pub dummy data on 'mychannel'
12-15 11:54:44 [JMQTClient] INF : [MAIN] Pub dummy data on 'mychannel'
12-15 11:54:54 [JMQTClient] INF : [MAIN] Pub dummy data on 'mychannel'
12-15 11:55:04 [JMQTClient] INF : [MAIN] Pub dummy data on 'mychannel'
12-15 11:55:14 [JMQTClient] INF : [MAIN] Pub dummy data on 'mychannel'
12-15 11:55:24 [JMQTClient] INF : [MAIN] Pub dummy data on 'mychannel'
12-15 11:55:34 [JMQTClient] INF : [MAIN] Pub dummy data on 'mychannel'
12-15 11:55:44 [JMQTClient] INF : [MAIN] Pub dummy data on 'mychannel'
12-15 11:55:54 [JMQTClient] INF : [MAIN] Pub dummy data on 'mychannel'
12-15 11:56:04 [JMQTClient] INF : [MAIN] Pub dummy data on 'mychannel'
12-15 11:56:14 [JMQTClient] INF : [MAIN] Pub dummy data on 'mychannel'
12-15 11:56:24 [JMQTClient] INF : [MAIN] Pub dummy data on 'mychannel'
12-15 11:56:34 [JMQTClient] INF : [MAIN] Pub dummy data on 'mychannel'
12-15 11:56:44 [JMQTClient] INF : [MAIN] Pub dummy data on 'mychannel'
12-15 11:56:54 [JMQTClient] INF : [MAIN] Pub dummy data on 'mychannel'
12-15 11:57:04 [JMQTClient] INF : [MAIN] Pub dummy data on 'mychannel'
12-15 11:57:14 [JMQTClient] INF : [MAIN] Pub dummy data on 'mychannel'
12-15 11:57:24 [JMQTClient] INF : [MAIN] Pub dummy data on 'mychannel'
12-15 11:57:34 [JMQTClient] INF : [MAIN] Pub dummy data on 'mychannel'
12-15 11:57:44 [JMQTClient] INF : [MAIN] Pub dummy data on 'mychannel'
12-15 11:57:55 [JMQTClient] INF : [MAIN] Pub dummy data on 'mychannel'
12-15 11:58:05 [JMQTClient] INF : [MAIN] Pub dummy data on 'mychannel'
12-15 11:58:15 [JMQTClient] INF : [MAIN] Pub dummy data on 'mychannel'
12-15 11:58:25 [JMQTClient] INF : [MAIN] Pub dummy data on 'mychannel'
12-15 11:58:35 [JMQTClient] INF : [MAIN] Pub dummy data on 'mychannel'
12-15 11:58:45 [JMQTClient] INF : [MAIN] Pub dummy data on 'mychannel'
12-15 11:58:55 [JMQTClient] INF : [MAIN] Pub dummy data on 'mychannel'
12-15 11:59:05 [JMQTClient] INF : [MAIN] Pub dummy data on 'mychannel'
12-15 11:59:15 [JMQTClient] INF : [MAIN] Pub dummy data on 'mychannel'
12-15 11:59:25 [JMQTClient] INF : [MAIN] Pub dummy data on 'mychannel'
12-15 11:59:35 [JMQTClient] INF : [MAIN] Pub dummy data on 'mychannel'
12-15 11:59:45 [JMQTClient] INF : [MAIN] Pub dummy data on 'mychannel'
12-15 11:59:55 [JMQTClient] INF : [MAIN] Pub dummy data on 'mychannel'
12-15 12:00:05 [JMQTClient] INF : [MAIN] Pub dummy data on 'mychannel'
12-15 12:00:15 [JMQTClient] INF : [MAIN] Pub dummy data on 'mychannel'
12-15 12:00:25 [JMQTClient] INF : [MAIN] Pub dummy data on 'mychannel'
12-15 12:00:35 [JMQTClient] INF : [MAIN] Pub dummy data on 'mychannel'
12-15 12:00:45 [JMQTClient] INF : [MAIN] Pub dummy data on 'mychannel'
12-15 12:00:55 [JMQTClient] INF : [MAIN] Pub dummy data on 'mychannel'
12-15 12:01:05 [JMQTClient] INF : [MAIN] Pub dummy data on 'mychannel'
12-15 12:01:15 [JMQTClient] INF : [MAIN] Pub dummy data on 'mychannel'
12-15 12:01:25 [JMQTClient] INF : [MAIN] Pub dummy data on 'mychannel'
12-15 12:01:35 [JMQTClient] INF : [MAIN] Pub dummy data on 'mychannel'
12-15 12:01:45 [JMQTClient] INF : [MAIN] Pub dummy data on 'mychannel'
12-15 12:01:55 [JMQTClient] INF : [MAIN] Pub dummy data on 'mychannel'
12-15 12:02:05 [JMQTClient] INF : [MAIN] Pub dummy data on 'mychannel'
12-15 12:02:15 [JMQTClient] INF : [MAIN] Pub dummy data on 'mychannel'
12-15 12:02:25 [JMQTClient] INF : [MAIN] Pub dummy data on 'mychannel'
12-15 12:02:35 [JMQTClient] INF : [MAIN] Pub dummy data on 'mychannel'
12-15 12:02:45 [JMQTClient] INF : [MAIN] Pub dummy data on 'mychannel'
12-15 12:02:55 [JMQTClient] INF : [MAIN] Pub dummy data on 'mychannel'
12-15 12:03:05 [JMQTClient] INF : [MAIN] Pub dummy data on 'mychannel'
12-15 12:03:15 [JMQTClient] INF : [MAIN] Pub dummy data on 'mychannel'
12-15 12:03:25 [JMQTClient] INF : [MAIN] Pub dummy data on 'mychannel'
12-15 12:03:35 [JMQTClient] INF : [MAIN] Pub dummy data on 'mychannel'
12-15 12:03:45 [JMQTClient] INF : [MAIN] Pub dummy data on 'mychannel'
12-15 12:03:55 [JMQTClient] INF : [MAIN] Pub dummy data on 'mychannel'
12-15 12:04:05 [JMQTClient] INF : [MAIN] Pub dummy data on 'mychannel'
12-15 12:04:15 [JMQTClient] INF : [MAIN] Pub dummy data on 'mychannel'
12-15 12:04:25 [JMQTClient] INF : [MAIN] Pub dummy data on 'mychannel'
12-15 12:04:35 [JMQTClient] INF : [MAIN] Pub dummy data on 'mychannel'
12-15 12:04:45 [JMQTClient] INF : [MAIN] Pub dummy data on 'mychannel'
12-15 12:04:55 [JMQTClient] INF : [MAIN] Pub dummy data on 'mychannel'
12-15 12:05:05 [JMQTClient] INF : [MAIN] Pub dummy data on 'mychannel'
12-15 12:05:15 [JMQTClient] INF : [MAIN] Pub dummy data on 'mychannel'
12-15 12:05:25 [JMQTClient] INF : [MAIN] Pub dummy data on 'mychannel'
12-15 12:05:35 [JMQTClient] INF : [MAIN] Pub dummy data on 'mychannel'
12-15 12:05:45 [JMQTClient] INF : [MAIN] Pub dummy data on 'mychannel'
12-15 12:05:55 [JMQTClient] INF : [MAIN] Pub dummy data on 'mychannel'
12-15 12:06:05 [JMQTClient] INF : [MAIN] Pub dummy data on 'mychannel'
12-15 12:06:15 [JMQTClient] INF : [MAIN] Pub dummy data on 'mychannel'
12-15 12:06:25 [JMQTClient] INF : [MAIN] Pub dummy data on 'mychannel'
12-15 12:06:35 [JMQTClient] INF : [MAIN] Pub dummy data on 'mychannel'
12-15 12:06:45 [JMQTClient] INF : [MAIN] Pub dummy data on 'mychannel'
12-15 12:06:55 [JMQTClient] INF : [MAIN] Pub dummy data on 'mychannel'
12-15 12:07:05 [JMQTClient] INF : [MAIN] Pub dummy data on 'mychannel'
12-15 12:07:15 [JMQTClient] INF : [MAIN] Pub dummy data on 'mychannel'
12-15 12:07:25 [JMQTClient] INF : [MAIN] Pub dummy data on 'mychannel'
12-15 12:07:35 [JMQTClient] INF : [MAIN] Pub dummy data on 'mychannel'
12-15 12:07:45 [JMQTClient] INF : [MAIN] Pub dummy data on 'mychannel'
12-15 12:07:55 [JMQTClient] INF : [MAIN] Pub dummy data on 'mychannel'
12-15 12:08:05 [JMQTClient] INF : [MAIN] Pub dummy data on 'mychannel'
12-15 12:08:15 [JMQTClient] INF : [MAIN] Pub dummy data on 'mychannel'
12-15 12:08:25 [JMQTClient] INF : [MAIN] Pub dummy data on 'mychannel'
12-15 12:08:35 [JMQTClient] INF : [MAIN] Pub dummy data on 'mychannel'
12-15 12:08:45 [JMQTClient] INF : [MAIN] Pub dummy data on 'mychannel'
12-15 12:08:55 [JMQTClient] INF : [MAIN] Pub dummy data on 'mychannel'
12-15 12:09:05 [JMQTClient] INF : [MAIN] Pub dummy data on 'mychannel'
12-15 12:09:15 [JMQTClient] INF : [MAIN] Pub dummy data on 'mychannel'
12-15 12:09:25 [JMQTClient] INF : [MAIN] Pub dummy data on 'mychannel'
12-15 12:09:35 [JMQTClient] INF : [MAIN] Pub dummy data on 'mychannel'
12-15 12:09:45 [JMQTClient] INF : [MAIN] Pub dummy data on 'mychannel'
12-15 12:09:55 [JMQTClient] INF : [MAIN] Pub dummy data on 'mychannel'
12-15 12:10:05 [JMQTClient] INF : [MAIN] Pub dummy data on 'mychannel'
12-15 12:10:15 [JMQTClient] INF : [MAIN] Pub dummy data on 'mychannel'
12-15 12:10:25 [JMQTClient] INF : [MAIN] Pub dummy data on 'mychannel'
12-15 12:10:36 [JMQTClient] INF : [MAIN] Pub dummy data on 'mychannel'
12-15 12:10:46 [JMQTClient] INF : [MAIN] Pub dummy data on 'mychannel'
12-15 12:10:56 [JMQTClient] INF : [MAIN] Pub dummy data on 'mychannel'
12-15 12:11:06 [JMQTClient] INF : [MAIN] Pub dummy data on 'mychannel'
12-15 12:11:16 [JMQTClient] INF : [MAIN] Pub dummy data on 'mychannel'
12-15 12:11:26 [JMQTClient] INF : [MAIN] Pub dummy data on 'mychannel'
12-15 12:11:36 [JMQTClient] INF : [MAIN] Pub dummy data on 'mychannel'
12-15 12:11:46 [JMQTClient] INF : [MAIN] Pub dummy data on 'mychannel'
12-15 12:11:56 [JMQTClient] INF : [MAIN] Pub dummy data on 'mychannel'
12-15 12:12:06 [JMQTClient] INF : [MAIN] Pub dummy data on 'mychannel'
12-15 12:12:16 [JMQTClient] INF : [MAIN] Pub dummy data on 'mychannel'
12-15 12:12:26 [JMQTClient] INF : [MAIN] Pub dummy data on 'mychannel'
12-15 12:12:36 [JMQTClient] INF : [MAIN] Pub dummy data on 'mychannel'
12-15 12:12:46 [JMQTClient] INF : [MAIN] Pub dummy data on 'mychannel'
12-15 12:12:56 [JMQTClient] INF : [MAIN] Pub dummy data on 'mychannel'
12-15 12:13:06 [JMQTClient] INF : [MAIN] Pub dummy data on 'mychannel'
12-15 12:13:16 [JMQTClient] INF : [MAIN] Pub dummy data on 'mychannel'
12-15 12:13:26 [JMQTClient] INF : [MAIN] Pub dummy data on 'mychannel'
12-15 12:13:36 [JMQTClient] INF : [MAIN] Pub dummy data on 'mychannel'
12-15 12:13:46 [JMQTClient] INF : [MAIN] Pub dummy data on 'mychannel'
12-15 12:13:56 [JMQTClient] INF : [MAIN] Pub dummy data on 'mychannel'
12-15 12:14:06 [JMQTClient] INF : [MAIN] Pub dummy data on 'mychannel'
12-15 12:14:16 [JMQTClient] INF : [MAIN] Pub dummy data on 'mychannel'
12-15 12:14:26 [JMQTClient] INF : [MAIN] Pub dummy data on 'mychannel'
12-15 12:14:36 [JMQTClient] INF : [MAIN] Pub dummy data on 'mychannel'
12-15 12:14:46 [JMQTClient] INF : [MAIN] Pub dummy data on 'mychannel'
12-15 12:14:56 [JMQTClient] INF : [MAIN] Pub dummy data on 'mychannel'
12-15 12:15:06 [JMQTClient] INF : [MAIN] Pub dummy data on 'mychannel'
12-15 12:15:16 [JMQTClient] INF : [MAIN] Pub dummy data on 'mychannel'
12-15 12:15:26 [JMQTClient] INF : [MAIN] Pub dummy data on 'mychannel'
12-15 12:15:36 [JMQTClient] INF : [MAIN] Pub dummy data on 'mychannel'
12-15 12:15:46 [JMQTClient] INF : [MAIN] Pub dummy data on 'mychannel'
12-15 12:15:56 [JMQTClient] INF : [MAIN] Pub dummy data on 'mychannel'
12-15 12:16:06 [JMQTClient] INF : [MAIN] Pub dummy data on 'mychannel'
12-15 12:16:16 [JMQTClient] INF : [MAIN] Pub dummy data on 'mychannel'
12-15 12:16:26 [JMQTClient] INF : [MAIN] Pub dummy data on 'mychannel'
12-15 12:16:36 [JMQTClient] INF : [MAIN] Pub dummy data on 'mychannel'
12-15 12:16:46 [JMQTClient] INF : [MAIN] Pub dummy data on 'mychannel'
12-15 12:16:56 [JMQTClient] INF : [MAIN] Pub dummy data on 'mychannel'
12-15 12:17:06 [JMQTClient] INF : [MAIN] Pub dummy data on 'mychannel'
12-15 12:17:16 [JMQTClient] INF : [MAIN] Pub dummy data on 'mychannel'
12-15 12:17:26 [JMQTClient] INF : [MAIN] Pub dummy data on 'mychannel'
12-15 12:17:36 [JMQTClient] INF : [MAIN] Pub dummy data on 'mychannel'
12-15 12:17:46 [JMQTClient] INF : [MAIN] Pub dummy data on 'mychannel'
12-15 12:17:56 [JMQTClient] INF : [MAIN] Pub dummy data on 'mychannel'
12-15 12:18:06 [JMQTClient] INF : [MAIN] Pub dummy data on 'mychannel'
12-15 12:18:16 [JMQTClient] INF : [MAIN] Pub dummy data on 'mychannel'
12-15 12:18:26 [JMQTClient] INF : [MAIN] Pub dummy data on 'mychannel'
12-15 12:18:36 [JMQTClient] INF : [MAIN] Pub dummy data on 'mychannel'
12-15 12:18:46 [JMQTClient] INF : [MAIN] Pub dummy data on 'mychannel'
12-15 12:18:56 [JMQTClient] INF : [MAIN] Pub dummy data on 'mychannel'
12-15 12:19:06 [JMQTClient] INF : [MAIN] Pub dummy data on 'mychannel'
12-15 12:19:16 [JMQTClient] INF : [MAIN] Pub dummy data on 'mychannel'
12-15 12:19:26 [JMQTClient] INF : [MAIN] Pub dummy data on 'mychannel'
12-15 12:19:36 [JMQTClient] INF : [MAIN] Pub dummy data on 'mychannel'
12-15 12:19:46 [JMQTClient] INF : [MAIN] Pub dummy data on 'mychannel'
12-15 12:19:56 [JMQTClient] INF : [MAIN] Pub dummy data on 'mychannel'
12-15 12:20:06 [JMQTClient] INF : [MAIN] Pub dummy data on 'mychannel'
12-15 12:20:16 [JMQTClient] INF : [MAIN] Pub dummy data on 'mychannel'
12-15 12:20:26 [JMQTClient] INF : [MAIN] Pub dummy data on 'mychannel'
12-15 12:20:36 [JMQTClient] INF : [MAIN] Pub dummy data on 'mychannel'
12-15 12:20:46 [JMQTClient] INF : [MAIN] Pub dummy data on 'mychannel'
12-15 12:20:56 [JMQTClient] INF : [MAIN] Pub dummy data on 'mychannel'
12-15 12:21:06 [JMQTClient] INF : [MAIN] Pub dummy data on 'mychannel'
12-15 12:21:16 [JMQTClient] INF : [MAIN] Pub dummy data on 'mychannel'
12-15 12:21:26 [JMQTClient] INF : [MAIN] Pub dummy data on 'mychannel'
12-15 12:21:36 [JMQTClient] INF : [MAIN] Pub dummy data on 'mychannel'
12-15 12:21:46 [JMQTClient] INF : [MAIN] Pub dummy data on 'mychannel'
12-15 12:21:56 [JMQTClient] INF : [MAIN] Pub dummy data on 'mychannel'
12-15 12:22:06 [JMQTClient] INF : [MAIN] Pub dummy data on 'mychannel'
12-15 12:22:16 [JMQTClient] INF : [MAIN] Pub dummy data on 'mychannel'
12-15 12:22:26 [JMQTClient] INF : [MAIN] Pub dummy data on 'mychannel'
12-15 12:22:36 [JMQTClient] INF : [MAIN] Pub dummy data on 'mychannel'
12-15 12:22:46 [JMQTClient] INF : [MAIN] Pub dummy data on 'mychannel'
12-15 12:22:56 [JMQTClient] INF : [MAIN] Pub dummy data on 'mychannel'
12-15 12:23:06 [JMQTClient] INF : [MAIN] Pub dummy data on 'mychannel'
12-15 12:23:16 [JMQTClient] INF : [MAIN] Pub dummy data on 'mychannel'
12-15 12:23:27 [JMQTClient] INF : [MAIN] Pub dummy data on 'mychannel'
12-15 12:23:37 [JMQTClient] INF : [MAIN] Pub dummy data on 'mychannel'
12-15 12:23:47 [JMQTClient] INF : [MAIN] Pub dummy data on 'mychannel'
12-15 12:23:57 [JMQTClient] INF : [MAIN] Pub dummy data on 'mychannel'
12-15 12:24:07 [JMQTClient] INF : [MAIN] Pub dummy data on 'mychannel'
12-15 12:24:17 [JMQTClient] INF : [MAIN] Pub dummy data on 'mychannel'
12-15 12:24:27 [JMQTClient] INF : [MAIN] Pub dummy data on 'mychannel'
12-15 12:24:37 [JMQTClient] INF : [MAIN] Pub dummy data on 'mychannel'
12-15 12:24:47 [JMQTClient] INF : [MAIN] Pub dummy data on 'mychannel'
12-15 12:24:57 [JMQTClient] INF : [MAIN] Pub dummy data on 'mychannel'
12-15 12:25:07 [JMQTClient] INF : [MAIN] Pub dummy data on 'mychannel'
12-15 12:25:17 [JMQTClient] INF : [MAIN] Pub dummy data on 'mychannel'
12-15 12:25:27 [JMQTClient] INF : [MAIN] Pub dummy data on 'mychannel'
12-15 12:25:37 [JMQTClient] INF : [MAIN] Pub dummy data on 'mychannel'
12-15 12:25:47 [JMQTClient] INF : [MAIN] Pub dummy data on 'mychannel'
12-15 12:25:57 [JMQTClient] INF : [MAIN] Pub dummy data on 'mychannel'
12-15 12:26:07 [JMQTClient] INF : [MAIN] Pub dummy data on 'mychannel'
12-15 12:26:17 [JMQTClient] INF : [MAIN] Pub dummy data on 'mychannel'
12-15 12:26:27 [JMQTClient] INF : [MAIN] Pub dummy data on 'mychannel'
12-15 12:26:37 [JMQTClient] INF : [MAIN] Pub dummy data on 'mychannel'
12-15 12:26:47 [JMQTClient] INF : [MAIN] Pub dummy data on 'mychannel'
12-15 12:26:57 [JMQTClient] INF : [MAIN] Pub dummy data on 'mychannel'
12-15 12:27:07 [JMQTClient] INF : [MAIN] Pub dummy data on 'mychannel'
12-15 12:27:17 [JMQTClient] INF : [MAIN] Pub dummy data on 'mychannel'
12-15 12:27:27 [JMQTClient] INF : [MAIN] Pub dummy data on 'mychannel'
12-15 12:27:37 [JMQTClient] INF : [MAIN] Pub dummy data on 'mychannel'
12-15 12:27:47 [JMQTClient] INF : [MAIN] Pub dummy data on 'mychannel'
12-15 12:27:57 [JMQTClient] INF : [MAIN] Pub dummy data on 'mychannel'
12-15 12:28:07 [JMQTClient] INF : [MAIN] Pub dummy data on 'mychannel'
12-15 12:28:17 [JMQTClient] INF : [MAIN] Pub dummy data on 'mychannel'
12-15 12:28:27 [JMQTClient] INF : [MAIN] Pub dummy data on 'mychannel'
12-15 12:28:37 [JMQTClient] INF : [MAIN] Pub dummy data on 'mychannel'
12-15 12:28:47 [JMQTClient] INF : [MAIN] Pub dummy data on 'mychannel'
12-15 12:28:57 [JMQTClient] INF : [MAIN] Pub dummy data on 'mychannel'
12-15 12:29:07 [JMQTClient] INF : [MAIN] Pub dummy data on 'mychannel'
12-15 12:29:17 [JMQTClient] INF : [MAIN] Pub dummy data on 'mychannel'
12-15 12:29:27 [JMQTClient] INF : [MAIN] Pub dummy data on 'mychannel'
12-15 12:29:37 [JMQTClient] INF : [MAIN] Pub dummy data on 'mychannel'
12-15 12:29:47 [JMQTClient] INF : [MAIN] Pub dummy data on 'mychannel'
12-15 12:29:57 [JMQTClient] INF : [MAIN] Pub dummy data on 'mychannel'
12-15 12:30:07 [JMQTClient] INF : [MAIN] Pub dummy data on 'mychannel'
12-15 12:30:17 [JMQTClient] INF : [MAIN] Pub dummy data on 'mychannel'
12-15 12:30:27 [JMQTClient] INF : [MAIN] Pub dummy data on 'mychannel'
12-15 12:30:37 [JMQTClient] INF : [MAIN] Pub dummy data on 'mychannel'
12-15 12:30:47 [JMQTClient] INF : [MAIN] Pub dummy data on 'mychannel'
12-15 12:30:57 [JMQTClient] INF : [MAIN] Pub dummy data on 'mychannel'
12-15 12:31:07 [JMQTClient] INF : [MAIN] Pub dummy data on 'mychannel'
12-15 12:31:17 [JMQTClient] INF : [MAIN] Pub dummy data on 'mychannel'
12-15 12:31:27 [JMQTClient] INF : [MAIN] Pub dummy data on 'mychannel'
12-15 12:31:37 [JMQTClient] INF : [MAIN] Pub dummy data on 'mychannel'
12-15 12:31:47 [JMQTClient] INF : [MAIN] Pub dummy data on 'mychannel'
12-15 12:31:57 [JMQTClient] INF : [MAIN] Pub dummy data on 'mychannel'
12-15 12:32:07 [JMQTClient] INF : [MAIN] Pub dummy data on 'mychannel'
12-15 12:32:17 [JMQTClient] INF : [MAIN] Pub dummy data on 'mychannel'
12-15 12:32:27 [JMQTClient] INF : [MAIN] Pub dummy data on 'mychannel'
12-15 12:32:37 [JMQTClient] INF : [MAIN] Pub dummy data on 'mychannel'
12-15 12:32:47 [JMQTClient] INF : [MAIN] Pub dummy data on 'mychannel'
12-15 12:32:57 [JMQTClient] INF : [MAIN] Pub dummy data on 'mychannel'
12-15 12:33:07 [JMQTClient] INF : [MAIN] Pub dummy data on 'mychannel'
12-15 12:33:17 [JMQTClient] INF : [MAIN] Pub dummy data on 'mychannel'
12-15 12:33:27 [JMQTClient] INF : [MAIN] Pub dummy data on 'mychannel'
12-15 12:33:37 [JMQTClient] INF : [MAIN] Pub dummy data on 'mychannel'
12-15 12:33:47 [JMQTClient] INF : [MAIN] Pub dummy data on 'mychannel'
12-15 12:33:57 [JMQTClient] INF : [MAIN] Pub dummy data on 'mychannel'
12-15 12:34:07 [JMQTClient] INF : [MAIN] Pub dummy data on 'mychannel'
12-15 12:34:17 [JMQTClient] INF : [MAIN] Pub dummy data on 'mychannel'
12-15 12:34:27 [JMQTClient] INF : [MAIN] Pub dummy data on 'mychannel'
12-15 12:34:37 [JMQTClient] INF : [MAIN] Pub dummy data on 'mychannel'
12-15 12:34:47 [JMQTClient] INF : [MAIN] Pub dummy data on 'mychannel'
12-15 12:34:57 [JMQTClient] INF : [MAIN] Pub dummy data on 'mychannel'
12-15 12:35:07 [JMQTClient] INF : [MAIN] Pub dummy data on 'mychannel'
12-15 12:35:17 [JMQTClient] INF : [MAIN] Pub dummy data on 'mychannel'
12-15 12:35:27 [JMQTClient] INF : [MAIN] Pub dummy data on 'mychannel'
12-15 12:35:37 [JMQTClient] INF : [MAIN] Pub dummy data on 'mychannel'
12-15 12:35:47 [JMQTClient] INF : [MAIN] Pub dummy data on 'mychannel'
12-15 12:35:57 [JMQTClient] INF : [MAIN] Pub dummy data on 'mychannel'
12-15 12:36:07 [JMQTClient] INF : [MAIN] Pub dummy data on 'mychannel'
12-15 12:36:18 [JMQTClient] INF : [MAIN] Pub dummy data on 'mychannel'
12-15 12:36:28 [JMQTClient] INF : [MAIN] Pub dummy data on 'mychannel'
12-15 12:36:38 [JMQTClient] INF : [MAIN] Pub dummy data on 'mychannel'
12-15 12:36:48 [JMQTClient] INF : [MAIN] Pub dummy data on 'mychannel'
12-15 12:36:58 [JMQTClient] INF : [MAIN] Pub dummy data on 'mychannel'
